-- Export Date: 2015.03.19 16:50:12
-- Export User: Гриненко Михаил (дизайнер)
-- Import Date: 2015.03.19_12.49.55
-- Import User: Максим Зайцев [RayMefise]
-- Errors: (2) & Warnings: (21)

ERRORS (2):

#0: Отсутствует блок Properties::property::filterType. ID блока:5ca72995-ad9a-11e3-b114-005056be1f7c.
#1: Отсутствует блок Properties::property::valueType. ID блока:5ca72995-ad9a-11e3-b114-005056be1f7c.

WARNINGS (21):

#00: Для товара a6f80c96-516a-11dd-a89a-000e0c431b58 "Краска ВД акриловая д/обоев DALI 2,5л (Рогнеда)" не определено ни одно свойство
#01: Для товара a6f80c98-516a-11dd-a89a-000e0c431b58 "Краска ВД акриловая д/обоев DALI 5л (Рогнеда)" не определено ни одно свойство
#02: Для товара 56a6f723-ea03-11de-860d-000e0c431b58 "Краска ВД акриловая д/обоев DALI 9л (Рогнеда)" не определено ни одно свойство
#03: Для товара a6f80c9c-516a-11dd-a89a-000e0c431b58 "Краска ВД акриловая д/потолков DALI 2,5л (Рогнеда)" не определено ни одно свойство
#04: Для товара a6f80c9e-516a-11dd-a89a-000e0c431b58 "Краска ВД акриловая д/потолков DALI 5л (Рогнеда)" не определено ни одно свойство
#05: Для товара 992163db-a731-11de-90d4-000e0c431b58 "Краска ВД акриловая д/потолков DALI 9л (Рогнеда)" не определено ни одно свойство
#06: Для товара a6f80ca2-516a-11dd-a89a-000e0c431b58 "Краска ВД акриловая д/стен и потолков (PROFESSIONAL) DALI 2,5л (Рогнеда)" не определено ни одно свойство
#07: Для товара a6f80ca4-516a-11dd-a89a-000e0c431b58 "Краска ВД акриловая д/стен и потолков (PROFESSIONAL) DALI 5л (Рогнеда)" не определено ни одно свойство
#08: Для товара 129c7f4d-5273-11de-8f53-000e0c431b58 "Краска ВД акриловая д/стен и потолков (PROFESSIONAL) DALI 9л (Рогнеда)" не определено ни одно свойство
#09: Для товара 047805a5-fe8c-11e3-bbdb-005056be1f7b "Краска ВД акриловая д/стен и потолков (PROFESSIONAL) База С DALI 2,5л (Рогнеда)" не определено ни одно свойство
#10: Для товара 7a3c5db3-777c-11de-9531-000e0c431b58 "Краска ВД акриловая д/стен и потолков (PROFESSIONAL) База С DALI 5л (Рогнеда)" не определено ни одно свойство
#11: Для товара 7a3c5db1-777c-11de-9531-000e0c431b58 "Краска ВД акриловая д/стен и потолков (PROFESSIONAL) База С DALI 9л (Рогнеда)" не определено ни одно свойство
#12: Для товара e242e97f-f29b-11dd-9439-000e0c431b58 "Краска ВД акриловая фасадная всесезонная База А DALI 9л (Рогнеда)" не определено ни одно свойство
#13: Для товара a6f80ca8-516a-11dd-a89a-000e0c431b58 "Краска ВД акриловая фасадная особопрочная База А DALI 5л (Рогнеда)" не определено ни одно свойство
#14: Для товара 56f519d0-4f2c-11de-8f53-000e0c431b58 "Краска ВД акриловая фасадная особопрочная База А DALI 9л (Рогнеда)" не определено ни одно свойство
#15: Для товара 7a3c5db7-777c-11de-9531-000e0c431b58 "Краска ВД акриловая фасадная особопрочная База С DALI 5л (Рогнеда)" не определено ни одно свойство
#16: Для товара 7a3c5db5-777c-11de-9531-000e0c431b58 "Краска ВД акриловая фасадная особопрочная База С DALI 9л (Рогнеда)" не определено ни одно свойство
#17: Для товара a6f80cac-516a-11dd-a89a-000e0c431b58 "Краска ВД латексная д/кухни и ванной DALI 2,5л (Рогнеда)" не определено ни одно свойство
#18: Для товара a6f80cae-516a-11dd-a89a-000e0c431b58 "Краска ВД латексная д/кухни и ванной DALI 5л (Рогнеда)" не определено ни одно свойство
#19: Для товара 992163dd-a731-11de-90d4-000e0c431b58 "Краска ВД латексная д/кухни и ванной DALI 9л БАЗА А (Рогнеда)" не определено ни одно свойство
#20: Для товара e4020814-4598-11e1-8212-001cc494be80 "Краска ВД латексная д/кухни и ванной DALI 9л БАЗА С (Рогнеда)" не определено ни одно свойство

errors: (2) & warnings: (21)
