-- Export Date: 2015.07.16 11:41:24
-- Export User: Гриненко Михаил (дизайнер)
-- Import Date: 2015.07.16_08.52.00
-- Import User: Максим Зайцев [RayMefise]
-- Sql File: apelsin1c_2015.07.16_08.52.00.sql
-- Errors: (0) & Warnings: (49)

ERRORS (0):


WARNINGS (49):

#00: Для товара a6f80c96-516a-11dd-a89a-000e0c431b58 указано пустое значения для свойства e765ba72-107d-11e3-8a5d-0050569a1080
#01: Для товара a6f80c96-516a-11dd-a89a-000e0c431b58 указано пустое значения для свойства bbea9c1a-3a4b-11e3-88c8-005056be1f7a
#02: Для товара a6f80c98-516a-11dd-a89a-000e0c431b58 указано пустое значения для свойства e765ba72-107d-11e3-8a5d-0050569a1080
#03: Для товара a6f80c98-516a-11dd-a89a-000e0c431b58 указано пустое значения для свойства bbea9c1a-3a4b-11e3-88c8-005056be1f7a
#04: Для товара 56a6f723-ea03-11de-860d-000e0c431b58 указано пустое значения для свойства e765ba72-107d-11e3-8a5d-0050569a1080
#05: Для товара 56a6f723-ea03-11de-860d-000e0c431b58 указано пустое значения для свойства bbea9c1a-3a4b-11e3-88c8-005056be1f7a
#06: Для товара a6f80c9c-516a-11dd-a89a-000e0c431b58 указано пустое значения для свойства e765ba72-107d-11e3-8a5d-0050569a1080
#07: Для товара a6f80c9c-516a-11dd-a89a-000e0c431b58 указано пустое значения для свойства bbea9c1a-3a4b-11e3-88c8-005056be1f7a
#08: Для товара a6f80c9e-516a-11dd-a89a-000e0c431b58 указано пустое значения для свойства e765ba72-107d-11e3-8a5d-0050569a1080
#09: Для товара a6f80c9e-516a-11dd-a89a-000e0c431b58 указано пустое значения для свойства bbea9c1a-3a4b-11e3-88c8-005056be1f7a
#10: Для товара 992163db-a731-11de-90d4-000e0c431b58 указано пустое значения для свойства e765ba72-107d-11e3-8a5d-0050569a1080
#11: Для товара 992163db-a731-11de-90d4-000e0c431b58 указано пустое значения для свойства bbea9c1a-3a4b-11e3-88c8-005056be1f7a
#12: Для товара a6f80ca2-516a-11dd-a89a-000e0c431b58 указано пустое значения для свойства e765ba72-107d-11e3-8a5d-0050569a1080
#13: Для товара a6f80ca4-516a-11dd-a89a-000e0c431b58 указано пустое значения для свойства e765ba72-107d-11e3-8a5d-0050569a1080
#14: Для товара 129c7f4d-5273-11de-8f53-000e0c431b58 указано пустое значения для свойства e765ba72-107d-11e3-8a5d-0050569a1080
#15: Для товара e242e97f-f29b-11dd-9439-000e0c431b58 указано пустое значения для свойства bbea9c1a-3a4b-11e3-88c8-005056be1f7a
#16: Для товара e242e97f-f29b-11dd-9439-000e0c431b58 указано пустое значения для свойства bbea9c1a-3a4b-11e3-88c8-005056be1f7a
#17: Для товара a6f80ca8-516a-11dd-a89a-000e0c431b58 указано пустое значения для свойства bbea9c1a-3a4b-11e3-88c8-005056be1f7a
#18: Для товара a6f80ca8-516a-11dd-a89a-000e0c431b58 указано пустое значения для свойства bbea9c1a-3a4b-11e3-88c8-005056be1f7a
#19: Для товара 56f519d0-4f2c-11de-8f53-000e0c431b58 указано пустое значения для свойства bbea9c1a-3a4b-11e3-88c8-005056be1f7a
#20: Для товара 56f519d0-4f2c-11de-8f53-000e0c431b58 указано пустое значения для свойства bbea9c1a-3a4b-11e3-88c8-005056be1f7a
#21: Для товара 7a3c5db7-777c-11de-9531-000e0c431b58 указано пустое значения для свойства bbea9c1a-3a4b-11e3-88c8-005056be1f7a
#22: Для товара 7a3c5db7-777c-11de-9531-000e0c431b58 указано пустое значения для свойства bbea9c1a-3a4b-11e3-88c8-005056be1f7a
#23: Для товара 7a3c5db5-777c-11de-9531-000e0c431b58 указано пустое значения для свойства bbea9c1a-3a4b-11e3-88c8-005056be1f7a
#24: Для товара 7a3c5db5-777c-11de-9531-000e0c431b58 указано пустое значения для свойства bbea9c1a-3a4b-11e3-88c8-005056be1f7a
#25: Для товара a6f80cac-516a-11dd-a89a-000e0c431b58 указано пустое значения для свойства e765ba72-107d-11e3-8a5d-0050569a1080
#26: Для товара a6f80cae-516a-11dd-a89a-000e0c431b58 указано пустое значения для свойства e765ba72-107d-11e3-8a5d-0050569a1080
#27: Для товара fc75df8c-f786-11e3-8c8a-005056be1f7b указано пустое значения для свойства 0a552a3f-3bb7-11e3-80e1-005056be1f7a
#28: Для товара eb8ca588-9b09-11e4-a80c-005056be1f7b "Frap F70-1 Эксцентрик" не определено ни одно свойство
#29: Для товара 10594008-ef13-11e4-8633-005056be1f7b указано пустое значения для свойства d624040a-3bb6-11e3-80e1-005056be1f7a
#30: Для товара 10594008-ef13-11e4-8633-005056be1f7b указано пустое значения для свойства 618eeb90-3bc1-11e3-80e1-005056be1f7a
#31: Для товара 9bd479ef-b369-11e4-a26a-005056be1f7b указано пустое значения для свойства 27c97b3a-3bc1-11e3-80e1-005056be1f7a
#32: Для товара 9bd479ef-b369-11e4-a26a-005056be1f7b указано пустое значения для свойства a34e94dc-9f77-11e3-9686-005056be1f7c
#33: Для товара 9bd479ef-b369-11e4-a26a-005056be1f7b указано пустое значения для свойства e2e87ce8-ad99-11e3-b114-005056be1f7c
#34: Для товара 9bd479ef-b369-11e4-a26a-005056be1f7b указано пустое значения для свойства e8287600-ad96-11e3-b114-005056be1f7c
#35: Для товара 9bd479ef-b369-11e4-a26a-005056be1f7b указано пустое значения для свойства cce0ab91-6a67-11e4-8945-005056be1f7a
#36: Для товара 9bd479ef-b369-11e4-a26a-005056be1f7b указано пустое значения для свойства 6cd386f1-3a4b-11e3-88c8-005056be1f7a
#37: Для товара 9bd479ef-b369-11e4-a26a-005056be1f7b указано пустое значения для свойства bbea9c1a-3a4b-11e3-88c8-005056be1f7a
#38: Для товара 9bd479ef-b369-11e4-a26a-005056be1f7b указано пустое значения для свойства 42d0b52f-970f-11e4-9be0-005056be1f7c
#39: Для товара 9bd479ef-b369-11e4-a26a-005056be1f7b указано пустое значения для свойства 1d08380b-ce34-11e4-a80e-005056be1f7a
#40: Для товара 763735c0-2a2b-11e2-9366-005056be3bd8 указано пустое значения для свойства 27c97b3a-3bc1-11e3-80e1-005056be1f7a
#41: Для товара 763735c0-2a2b-11e2-9366-005056be3bd8 указано пустое значения для свойства a34e94dc-9f77-11e3-9686-005056be1f7c
#42: Для товара 763735c0-2a2b-11e2-9366-005056be3bd8 указано пустое значения для свойства e2e87ce8-ad99-11e3-b114-005056be1f7c
#43: Для товара 763735c0-2a2b-11e2-9366-005056be3bd8 указано пустое значения для свойства e8287600-ad96-11e3-b114-005056be1f7c
#44: Для товара 763735c0-2a2b-11e2-9366-005056be3bd8 указано пустое значения для свойства cce0ab91-6a67-11e4-8945-005056be1f7a
#45: Для товара 763735c0-2a2b-11e2-9366-005056be3bd8 указано пустое значения для свойства 6cd386f1-3a4b-11e3-88c8-005056be1f7a
#46: Для товара 763735c0-2a2b-11e2-9366-005056be3bd8 указано пустое значения для свойства bbea9c1a-3a4b-11e3-88c8-005056be1f7a
#47: Для товара 763735c0-2a2b-11e2-9366-005056be3bd8 указано пустое значения для свойства 42d0b52f-970f-11e4-9be0-005056be1f7c
#48: Для товара 763735c0-2a2b-11e2-9366-005056be3bd8 указано пустое значения для свойства 1d08380b-ce34-11e4-a80e-005056be1f7a

errors: (0) & warnings: (49)
