-- Export Date: 2015.05.24 10:28:44
-- Export User: Гриненко Михаил (дизайнер)
-- Import Date: 2015.05.24_06.50.11
-- Import User: Максим Зайцев [RayMefise]
-- Sql File: apelsin1c_2015.05.24_06.50.11.sql
-- Errors: (0) & Warnings: (118)

ERRORS (0):


WARNINGS (118):

#000: Для товара 076d213b-4380-11de-8f53-000e0c431b58 указано пустое значения для свойства 27c97b3a-3bc1-11e3-80e1-005056be1f7a
#001: Для товара da49edc1-58f9-11e0-894e-000e0c431b58 указано пустое значения для свойства 27c97b3a-3bc1-11e3-80e1-005056be1f7a
#002: Для товара 076d213d-4380-11de-8f53-000e0c431b58 указано пустое значения для свойства 27c97b3a-3bc1-11e3-80e1-005056be1f7a
#003: Для товара df210450-93af-11e3-82a4-005056be1f7b указано пустое значения для свойства 27c97b3a-3bc1-11e3-80e1-005056be1f7a
#004: Для товара f0ad1dd1-1f91-11e4-9591-005056be1f7b указано пустое значения для свойства 27c97b3a-3bc1-11e3-80e1-005056be1f7a
#005: Для товара e8976171-93af-11e3-82a4-005056be1f7b указано пустое значения для свойства 27c97b3a-3bc1-11e3-80e1-005056be1f7a
#006: Для товара 076d214b-4380-11de-8f53-000e0c431b58 указано пустое значения для свойства 27c97b3a-3bc1-11e3-80e1-005056be1f7a
#007: Для товара da49edc3-58f9-11e0-894e-000e0c431b58 указано пустое значения для свойства 27c97b3a-3bc1-11e3-80e1-005056be1f7a
#008: Для товара 076d214d-4380-11de-8f53-000e0c431b58 указано пустое значения для свойства 27c97b3a-3bc1-11e3-80e1-005056be1f7a
#009: Для товара 076d213f-4380-11de-8f53-000e0c431b58 указано пустое значения для свойства 27c97b3a-3bc1-11e3-80e1-005056be1f7a
#010: Для товара da49edc5-58f9-11e0-894e-000e0c431b58 указано пустое значения для свойства 27c97b3a-3bc1-11e3-80e1-005056be1f7a
#011: Для товара 076d2141-4380-11de-8f53-000e0c431b58 указано пустое значения для свойства 27c97b3a-3bc1-11e3-80e1-005056be1f7a
#012: Для товара 076d2143-4380-11de-8f53-000e0c431b58 указано пустое значения для свойства 27c97b3a-3bc1-11e3-80e1-005056be1f7a
#013: Для товара da49edc7-58f9-11e0-894e-000e0c431b58 указано пустое значения для свойства 27c97b3a-3bc1-11e3-80e1-005056be1f7a
#014: Для товара 076d2145-4380-11de-8f53-000e0c431b58 указано пустое значения для свойства 27c97b3a-3bc1-11e3-80e1-005056be1f7a
#015: Для товара fbb89466-93af-11e3-82a4-005056be1f7b указано пустое значения для свойства 27c97b3a-3bc1-11e3-80e1-005056be1f7a
#016: Для товара 04834f06-93b0-11e3-82a4-005056be1f7b указано пустое значения для свойства 27c97b3a-3bc1-11e3-80e1-005056be1f7a
#017: Для товара 076d2147-4380-11de-8f53-000e0c431b58 указано пустое значения для свойства 27c97b3a-3bc1-11e3-80e1-005056be1f7a
#018: Для товара da49edc9-58f9-11e0-894e-000e0c431b58 указано пустое значения для свойства 27c97b3a-3bc1-11e3-80e1-005056be1f7a
#019: Для товара 076d2149-4380-11de-8f53-000e0c431b58 указано пустое значения для свойства 27c97b3a-3bc1-11e3-80e1-005056be1f7a
#020: Для товара 1bd57597-93b0-11e3-82a4-005056be1f7b указано пустое значения для свойства 27c97b3a-3bc1-11e3-80e1-005056be1f7a
#021: Для товара 8522912f-f3fb-11e4-9746-005056be1f7b указано пустое значения для свойства 27c97b3a-3bc1-11e3-80e1-005056be1f7a
#022: Для товара 13ce3df2-93b0-11e3-82a4-005056be1f7b указано пустое значения для свойства 27c97b3a-3bc1-11e3-80e1-005056be1f7a
#023: Для товара 076d2137-4380-11de-8f53-000e0c431b58 указано пустое значения для свойства 27c97b3a-3bc1-11e3-80e1-005056be1f7a
#024: Для товара da49edcb-58f9-11e0-894e-000e0c431b58 указано пустое значения для свойства 27c97b3a-3bc1-11e3-80e1-005056be1f7a
#025: Для товара 076d2139-4380-11de-8f53-000e0c431b58 указано пустое значения для свойства 27c97b3a-3bc1-11e3-80e1-005056be1f7a
#026: Для товара b182dc51-f994-11e2-98ef-005056be3574 указано пустое значения для свойства 27c97b3a-3bc1-11e3-80e1-005056be1f7a
#027: Для товара c4df9e0d-00c0-11e2-a554-005056be3bd8 указано пустое значения для свойства 27c97b3a-3bc1-11e3-80e1-005056be1f7a
#028: Для товара c4df9e0f-00c0-11e2-a554-005056be3bd8 указано пустое значения для свойства 27c97b3a-3bc1-11e3-80e1-005056be1f7a
#029: Для товара c4df9e13-00c0-11e2-a554-005056be3bd8 указано пустое значения для свойства 27c97b3a-3bc1-11e3-80e1-005056be1f7a
#030: Для товара c4df9e11-00c0-11e2-a554-005056be3bd8 указано пустое значения для свойства 27c97b3a-3bc1-11e3-80e1-005056be1f7a
#031: Для товара 82ebcce8-bce7-11e4-a1f3-005056be1f7b указано пустое значения для свойства 27c97b3a-3bc1-11e3-80e1-005056be1f7a
#032: Для товара 3479e733-bce7-11e4-a1f3-005056be1f7b указано пустое значения для свойства 27c97b3a-3bc1-11e3-80e1-005056be1f7a
#033: Для товара b182dc4f-f994-11e2-98ef-005056be3574 указано пустое значения для свойства 27c97b3a-3bc1-11e3-80e1-005056be1f7a
#034: Для товара a6f80c96-516a-11dd-a89a-000e0c431b58 указано пустое значения для свойства e765ba72-107d-11e3-8a5d-0050569a1080
#035: Для товара a6f80c96-516a-11dd-a89a-000e0c431b58 указано пустое значения для свойства 27c97b3a-3bc1-11e3-80e1-005056be1f7a
#036: Для товара a6f80c96-516a-11dd-a89a-000e0c431b58 указано пустое значения для свойства bbea9c1a-3a4b-11e3-88c8-005056be1f7a
#037: Для товара a6f80c96-516a-11dd-a89a-000e0c431b58 указано пустое значения для свойства bbea9c1a-3a4b-11e3-88c8-005056be1f7a
#038: Для товара a6f80c98-516a-11dd-a89a-000e0c431b58 указано пустое значения для свойства e765ba72-107d-11e3-8a5d-0050569a1080
#039: Для товара a6f80c98-516a-11dd-a89a-000e0c431b58 указано пустое значения для свойства 27c97b3a-3bc1-11e3-80e1-005056be1f7a
#040: Для товара a6f80c98-516a-11dd-a89a-000e0c431b58 указано пустое значения для свойства bbea9c1a-3a4b-11e3-88c8-005056be1f7a
#041: Для товара a6f80c98-516a-11dd-a89a-000e0c431b58 указано пустое значения для свойства bbea9c1a-3a4b-11e3-88c8-005056be1f7a
#042: Для товара 56a6f723-ea03-11de-860d-000e0c431b58 указано пустое значения для свойства e765ba72-107d-11e3-8a5d-0050569a1080
#043: Для товара 56a6f723-ea03-11de-860d-000e0c431b58 указано пустое значения для свойства 27c97b3a-3bc1-11e3-80e1-005056be1f7a
#044: Для товара 56a6f723-ea03-11de-860d-000e0c431b58 указано пустое значения для свойства bbea9c1a-3a4b-11e3-88c8-005056be1f7a
#045: Для товара 56a6f723-ea03-11de-860d-000e0c431b58 указано пустое значения для свойства bbea9c1a-3a4b-11e3-88c8-005056be1f7a
#046: Для товара a6f80c9c-516a-11dd-a89a-000e0c431b58 указано пустое значения для свойства e765ba72-107d-11e3-8a5d-0050569a1080
#047: Для товара a6f80c9c-516a-11dd-a89a-000e0c431b58 указано пустое значения для свойства 27c97b3a-3bc1-11e3-80e1-005056be1f7a
#048: Для товара a6f80c9c-516a-11dd-a89a-000e0c431b58 указано пустое значения для свойства bbea9c1a-3a4b-11e3-88c8-005056be1f7a
#049: Для товара a6f80c9c-516a-11dd-a89a-000e0c431b58 указано пустое значения для свойства bbea9c1a-3a4b-11e3-88c8-005056be1f7a
#050: Для товара a6f80c9e-516a-11dd-a89a-000e0c431b58 указано пустое значения для свойства e765ba72-107d-11e3-8a5d-0050569a1080
#051: Для товара a6f80c9e-516a-11dd-a89a-000e0c431b58 указано пустое значения для свойства 27c97b3a-3bc1-11e3-80e1-005056be1f7a
#052: Для товара a6f80c9e-516a-11dd-a89a-000e0c431b58 указано пустое значения для свойства bbea9c1a-3a4b-11e3-88c8-005056be1f7a
#053: Для товара a6f80c9e-516a-11dd-a89a-000e0c431b58 указано пустое значения для свойства bbea9c1a-3a4b-11e3-88c8-005056be1f7a
#054: Для товара 992163db-a731-11de-90d4-000e0c431b58 указано пустое значения для свойства e765ba72-107d-11e3-8a5d-0050569a1080
#055: Для товара 992163db-a731-11de-90d4-000e0c431b58 указано пустое значения для свойства 27c97b3a-3bc1-11e3-80e1-005056be1f7a
#056: Для товара 992163db-a731-11de-90d4-000e0c431b58 указано пустое значения для свойства bbea9c1a-3a4b-11e3-88c8-005056be1f7a
#057: Для товара 992163db-a731-11de-90d4-000e0c431b58 указано пустое значения для свойства bbea9c1a-3a4b-11e3-88c8-005056be1f7a
#058: Для товара a6f80ca2-516a-11dd-a89a-000e0c431b58 указано пустое значения для свойства e765ba72-107d-11e3-8a5d-0050569a1080
#059: Для товара a6f80ca2-516a-11dd-a89a-000e0c431b58 указано пустое значения для свойства 27c97b3a-3bc1-11e3-80e1-005056be1f7a
#060: Для товара a6f80ca2-516a-11dd-a89a-000e0c431b58 указано пустое значения для свойства bbea9c1a-3a4b-11e3-88c8-005056be1f7a
#061: Для товара a6f80ca4-516a-11dd-a89a-000e0c431b58 указано пустое значения для свойства e765ba72-107d-11e3-8a5d-0050569a1080
#062: Для товара a6f80ca4-516a-11dd-a89a-000e0c431b58 указано пустое значения для свойства 27c97b3a-3bc1-11e3-80e1-005056be1f7a
#063: Для товара a6f80ca4-516a-11dd-a89a-000e0c431b58 указано пустое значения для свойства bbea9c1a-3a4b-11e3-88c8-005056be1f7a
#064: Для товара 129c7f4d-5273-11de-8f53-000e0c431b58 указано пустое значения для свойства e765ba72-107d-11e3-8a5d-0050569a1080
#065: Для товара 129c7f4d-5273-11de-8f53-000e0c431b58 указано пустое значения для свойства 27c97b3a-3bc1-11e3-80e1-005056be1f7a
#066: Для товара 129c7f4d-5273-11de-8f53-000e0c431b58 указано пустое значения для свойства bbea9c1a-3a4b-11e3-88c8-005056be1f7a
#067: Для товара 047805a5-fe8c-11e3-bbdb-005056be1f7b указано пустое значения для свойства 27c97b3a-3bc1-11e3-80e1-005056be1f7a
#068: Для товара 047805a5-fe8c-11e3-bbdb-005056be1f7b указано пустое значения для свойства bbea9c1a-3a4b-11e3-88c8-005056be1f7a
#069: Для товара 7a3c5db3-777c-11de-9531-000e0c431b58 указано пустое значения для свойства 27c97b3a-3bc1-11e3-80e1-005056be1f7a
#070: Для товара 7a3c5db3-777c-11de-9531-000e0c431b58 указано пустое значения для свойства bbea9c1a-3a4b-11e3-88c8-005056be1f7a
#071: Для товара 7a3c5db1-777c-11de-9531-000e0c431b58 указано пустое значения для свойства 27c97b3a-3bc1-11e3-80e1-005056be1f7a
#072: Для товара 7a3c5db1-777c-11de-9531-000e0c431b58 указано пустое значения для свойства bbea9c1a-3a4b-11e3-88c8-005056be1f7a
#073: Для товара e242e97f-f29b-11dd-9439-000e0c431b58 указано пустое значения для свойства 27c97b3a-3bc1-11e3-80e1-005056be1f7a
#074: Для товара e242e97f-f29b-11dd-9439-000e0c431b58 указано пустое значения для свойства bbea9c1a-3a4b-11e3-88c8-005056be1f7a
#075: Для товара e242e97f-f29b-11dd-9439-000e0c431b58 указано пустое значения для свойства bbea9c1a-3a4b-11e3-88c8-005056be1f7a
#076: Для товара e242e97f-f29b-11dd-9439-000e0c431b58 указано пустое значения для свойства bbea9c1a-3a4b-11e3-88c8-005056be1f7a
#077: Для товара a6f80ca8-516a-11dd-a89a-000e0c431b58 указано пустое значения для свойства 27c97b3a-3bc1-11e3-80e1-005056be1f7a
#078: Для товара a6f80ca8-516a-11dd-a89a-000e0c431b58 указано пустое значения для свойства bbea9c1a-3a4b-11e3-88c8-005056be1f7a
#079: Для товара a6f80ca8-516a-11dd-a89a-000e0c431b58 указано пустое значения для свойства bbea9c1a-3a4b-11e3-88c8-005056be1f7a
#080: Для товара a6f80ca8-516a-11dd-a89a-000e0c431b58 указано пустое значения для свойства bbea9c1a-3a4b-11e3-88c8-005056be1f7a
#081: Для товара 56f519d0-4f2c-11de-8f53-000e0c431b58 указано пустое значения для свойства 27c97b3a-3bc1-11e3-80e1-005056be1f7a
#082: Для товара 56f519d0-4f2c-11de-8f53-000e0c431b58 указано пустое значения для свойства bbea9c1a-3a4b-11e3-88c8-005056be1f7a
#083: Для товара 56f519d0-4f2c-11de-8f53-000e0c431b58 указано пустое значения для свойства bbea9c1a-3a4b-11e3-88c8-005056be1f7a
#084: Для товара 56f519d0-4f2c-11de-8f53-000e0c431b58 указано пустое значения для свойства bbea9c1a-3a4b-11e3-88c8-005056be1f7a
#085: Для товара 7a3c5db7-777c-11de-9531-000e0c431b58 указано пустое значения для свойства 27c97b3a-3bc1-11e3-80e1-005056be1f7a
#086: Для товара 7a3c5db7-777c-11de-9531-000e0c431b58 указано пустое значения для свойства bbea9c1a-3a4b-11e3-88c8-005056be1f7a
#087: Для товара 7a3c5db7-777c-11de-9531-000e0c431b58 указано пустое значения для свойства bbea9c1a-3a4b-11e3-88c8-005056be1f7a
#088: Для товара 7a3c5db7-777c-11de-9531-000e0c431b58 указано пустое значения для свойства bbea9c1a-3a4b-11e3-88c8-005056be1f7a
#089: Для товара 7a3c5db5-777c-11de-9531-000e0c431b58 указано пустое значения для свойства 27c97b3a-3bc1-11e3-80e1-005056be1f7a
#090: Для товара 7a3c5db5-777c-11de-9531-000e0c431b58 указано пустое значения для свойства bbea9c1a-3a4b-11e3-88c8-005056be1f7a
#091: Для товара 7a3c5db5-777c-11de-9531-000e0c431b58 указано пустое значения для свойства bbea9c1a-3a4b-11e3-88c8-005056be1f7a
#092: Для товара 7a3c5db5-777c-11de-9531-000e0c431b58 указано пустое значения для свойства bbea9c1a-3a4b-11e3-88c8-005056be1f7a
#093: Для товара a6f80cac-516a-11dd-a89a-000e0c431b58 указано пустое значения для свойства e765ba72-107d-11e3-8a5d-0050569a1080
#094: Для товара a6f80cac-516a-11dd-a89a-000e0c431b58 указано пустое значения для свойства 27c97b3a-3bc1-11e3-80e1-005056be1f7a
#095: Для товара a6f80cac-516a-11dd-a89a-000e0c431b58 указано пустое значения для свойства bbea9c1a-3a4b-11e3-88c8-005056be1f7a
#096: Для товара a6f80cae-516a-11dd-a89a-000e0c431b58 указано пустое значения для свойства e765ba72-107d-11e3-8a5d-0050569a1080
#097: Для товара a6f80cae-516a-11dd-a89a-000e0c431b58 указано пустое значения для свойства 27c97b3a-3bc1-11e3-80e1-005056be1f7a
#098: Для товара a6f80cae-516a-11dd-a89a-000e0c431b58 указано пустое значения для свойства bbea9c1a-3a4b-11e3-88c8-005056be1f7a
#099: Для товара 992163dd-a731-11de-90d4-000e0c431b58 указано пустое значения для свойства 27c97b3a-3bc1-11e3-80e1-005056be1f7a
#100: Для товара 992163dd-a731-11de-90d4-000e0c431b58 указано пустое значения для свойства bbea9c1a-3a4b-11e3-88c8-005056be1f7a
#101: Для товара e4020814-4598-11e1-8212-001cc494be80 указано пустое значения для свойства 27c97b3a-3bc1-11e3-80e1-005056be1f7a
#102: Для товара e4020814-4598-11e1-8212-001cc494be80 указано пустое значения для свойства bbea9c1a-3a4b-11e3-88c8-005056be1f7a
#103: Для товара 1a0a8b4f-99a8-11db-937f-000e0c431b59 указано пустое значения для свойства 27c97b3a-3bc1-11e3-80e1-005056be1f7a
#104: Для товара 1a0a8b51-99a8-11db-937f-000e0c431b59 указано пустое значения для свойства 27c97b3a-3bc1-11e3-80e1-005056be1f7a
#105: Для товара 1a0a8b53-99a8-11db-937f-000e0c431b59 указано пустое значения для свойства 27c97b3a-3bc1-11e3-80e1-005056be1f7a
#106: Для товара 1a0a8b55-99a8-11db-937f-000e0c431b59 указано пустое значения для свойства 27c97b3a-3bc1-11e3-80e1-005056be1f7a
#107: Для товара 1a0a8b57-99a8-11db-937f-000e0c431b59 указано пустое значения для свойства 27c97b3a-3bc1-11e3-80e1-005056be1f7a
#108: Для товара 1a0a8b59-99a8-11db-937f-000e0c431b59 указано пустое значения для свойства 27c97b3a-3bc1-11e3-80e1-005056be1f7a
#109: Для товара 1a0a8b5b-99a8-11db-937f-000e0c431b59 указано пустое значения для свойства 27c97b3a-3bc1-11e3-80e1-005056be1f7a
#110: Для товара 1a0a8b5d-99a8-11db-937f-000e0c431b59 указано пустое значения для свойства 27c97b3a-3bc1-11e3-80e1-005056be1f7a
#111: Для товара 1a0a8b5f-99a8-11db-937f-000e0c431b59 указано пустое значения для свойства 27c97b3a-3bc1-11e3-80e1-005056be1f7a
#112: Для товара 1a0a8b61-99a8-11db-937f-000e0c431b59 указано пустое значения для свойства 27c97b3a-3bc1-11e3-80e1-005056be1f7a
#113: Для товара 1a0a8b63-99a8-11db-937f-000e0c431b59 указано пустое значения для свойства 27c97b3a-3bc1-11e3-80e1-005056be1f7a
#114: Для товара 1a0a8b65-99a8-11db-937f-000e0c431b59 указано пустое значения для свойства 27c97b3a-3bc1-11e3-80e1-005056be1f7a
#115: Для товара 1a0a8b67-99a8-11db-937f-000e0c431b59 указано пустое значения для свойства 27c97b3a-3bc1-11e3-80e1-005056be1f7a
#116: Для товара 1a0a8b69-99a8-11db-937f-000e0c431b59 указано пустое значения для свойства 27c97b3a-3bc1-11e3-80e1-005056be1f7a
#117: Для товара fc75df8c-f786-11e3-8c8a-005056be1f7b указано пустое значения для свойства 0a552a3f-3bb7-11e3-80e1-005056be1f7a

errors: (0) & warnings: (118)
