-- Export Date: 2015.03.26 12:11:33
-- Export User: Гриненко Михаил (дизайнер)
-- Import Date: 2015.03.26_10.42.24
-- Import User: Максим Зайцев [RayMefise]
-- Sql File: apelsin1c_2015.03.26_10.42.24.sql
-- Errors: (0) & Warnings: (196)

ERRORS (0):


WARNINGS (196):

#000: Для товара fea6c187-5ab6-11dc-be42-000e0c431b58 указано пустое значения для свойства bbea9c1a-3a4b-11e3-88c8-005056be1f7a
#001: Для товара fea6c187-5ab6-11dc-be42-000e0c431b58 указано пустое значения для свойства bbea9c1a-3a4b-11e3-88c8-005056be1f7a
#002: Для товара fea6c16d-5ab6-11dc-be42-000e0c431b58 указано пустое значения для свойства bbea9c1a-3a4b-11e3-88c8-005056be1f7a
#003: Для товара fea6c16d-5ab6-11dc-be42-000e0c431b58 указано пустое значения для свойства bbea9c1a-3a4b-11e3-88c8-005056be1f7a
#004: Для товара 9291c63a-5ab3-11dc-be42-000e0c431b58 указано пустое значения для свойства bbea9c1a-3a4b-11e3-88c8-005056be1f7a
#005: Для товара 9291c63a-5ab3-11dc-be42-000e0c431b58 указано пустое значения для свойства bbea9c1a-3a4b-11e3-88c8-005056be1f7a
#006: Для товара fea6c18f-5ab6-11dc-be42-000e0c431b58 указано пустое значения для свойства bbea9c1a-3a4b-11e3-88c8-005056be1f7a
#007: Для товара fea6c18f-5ab6-11dc-be42-000e0c431b58 указано пустое значения для свойства bbea9c1a-3a4b-11e3-88c8-005056be1f7a
#008: Для товара fea6c17d-5ab6-11dc-be42-000e0c431b58 указано пустое значения для свойства bbea9c1a-3a4b-11e3-88c8-005056be1f7a
#009: Для товара fea6c17d-5ab6-11dc-be42-000e0c431b58 указано пустое значения для свойства bbea9c1a-3a4b-11e3-88c8-005056be1f7a
#010: Для товара cf6aa526-48b8-11dd-9342-000e0c431b58 указано пустое значения для свойства bbea9c1a-3a4b-11e3-88c8-005056be1f7a
#011: Для товара cf6aa526-48b8-11dd-9342-000e0c431b58 указано пустое значения для свойства bbea9c1a-3a4b-11e3-88c8-005056be1f7a
#012: Для товара 9291c640-5ab3-11dc-be42-000e0c431b58 указано пустое значения для свойства bbea9c1a-3a4b-11e3-88c8-005056be1f7a
#013: Для товара 9291c640-5ab3-11dc-be42-000e0c431b58 указано пустое значения для свойства bbea9c1a-3a4b-11e3-88c8-005056be1f7a
#014: Для товара fea6c16f-5ab6-11dc-be42-000e0c431b58 указано пустое значения для свойства bbea9c1a-3a4b-11e3-88c8-005056be1f7a
#015: Для товара fea6c16f-5ab6-11dc-be42-000e0c431b58 указано пустое значения для свойства bbea9c1a-3a4b-11e3-88c8-005056be1f7a
#016: Для товара fea6c175-5ab6-11dc-be42-000e0c431b58 указано пустое значения для свойства bbea9c1a-3a4b-11e3-88c8-005056be1f7a
#017: Для товара fea6c175-5ab6-11dc-be42-000e0c431b58 указано пустое значения для свойства bbea9c1a-3a4b-11e3-88c8-005056be1f7a
#018: Для товара fea6c18b-5ab6-11dc-be42-000e0c431b58 указано пустое значения для свойства bbea9c1a-3a4b-11e3-88c8-005056be1f7a
#019: Для товара fea6c18b-5ab6-11dc-be42-000e0c431b58 указано пустое значения для свойства bbea9c1a-3a4b-11e3-88c8-005056be1f7a
#020: Для товара fea6c183-5ab6-11dc-be42-000e0c431b58 указано пустое значения для свойства bbea9c1a-3a4b-11e3-88c8-005056be1f7a
#021: Для товара fea6c183-5ab6-11dc-be42-000e0c431b58 указано пустое значения для свойства bbea9c1a-3a4b-11e3-88c8-005056be1f7a
#022: Для товара fea6c173-5ab6-11dc-be42-000e0c431b58 указано пустое значения для свойства bbea9c1a-3a4b-11e3-88c8-005056be1f7a
#023: Для товара fea6c173-5ab6-11dc-be42-000e0c431b58 указано пустое значения для свойства bbea9c1a-3a4b-11e3-88c8-005056be1f7a
#024: Для товара 9291c63e-5ab3-11dc-be42-000e0c431b58 указано пустое значения для свойства bbea9c1a-3a4b-11e3-88c8-005056be1f7a
#025: Для товара 9291c63e-5ab3-11dc-be42-000e0c431b58 указано пустое значения для свойства bbea9c1a-3a4b-11e3-88c8-005056be1f7a
#026: Для товара fea6c185-5ab6-11dc-be42-000e0c431b58 указано пустое значения для свойства bbea9c1a-3a4b-11e3-88c8-005056be1f7a
#027: Для товара fea6c185-5ab6-11dc-be42-000e0c431b58 указано пустое значения для свойства bbea9c1a-3a4b-11e3-88c8-005056be1f7a
#028: Для товара fea6c18d-5ab6-11dc-be42-000e0c431b58 указано пустое значения для свойства bbea9c1a-3a4b-11e3-88c8-005056be1f7a
#029: Для товара fea6c18d-5ab6-11dc-be42-000e0c431b58 указано пустое значения для свойства bbea9c1a-3a4b-11e3-88c8-005056be1f7a
#030: Для товара fea6c17b-5ab6-11dc-be42-000e0c431b58 указано пустое значения для свойства bbea9c1a-3a4b-11e3-88c8-005056be1f7a
#031: Для товара fea6c17b-5ab6-11dc-be42-000e0c431b58 указано пустое значения для свойства bbea9c1a-3a4b-11e3-88c8-005056be1f7a
#032: Для товара fea6c181-5ab6-11dc-be42-000e0c431b58 указано пустое значения для свойства bbea9c1a-3a4b-11e3-88c8-005056be1f7a
#033: Для товара fea6c181-5ab6-11dc-be42-000e0c431b58 указано пустое значения для свойства bbea9c1a-3a4b-11e3-88c8-005056be1f7a
#034: Для товара fea6c167-5ab6-11dc-be42-000e0c431b58 указано пустое значения для свойства bbea9c1a-3a4b-11e3-88c8-005056be1f7a
#035: Для товара fea6c167-5ab6-11dc-be42-000e0c431b58 указано пустое значения для свойства bbea9c1a-3a4b-11e3-88c8-005056be1f7a
#036: Для товара fea6c177-5ab6-11dc-be42-000e0c431b58 указано пустое значения для свойства bbea9c1a-3a4b-11e3-88c8-005056be1f7a
#037: Для товара fea6c177-5ab6-11dc-be42-000e0c431b58 указано пустое значения для свойства bbea9c1a-3a4b-11e3-88c8-005056be1f7a
#038: Для товара fea6c179-5ab6-11dc-be42-000e0c431b58 указано пустое значения для свойства bbea9c1a-3a4b-11e3-88c8-005056be1f7a
#039: Для товара fea6c179-5ab6-11dc-be42-000e0c431b58 указано пустое значения для свойства bbea9c1a-3a4b-11e3-88c8-005056be1f7a
#040: Для товара fea6c171-5ab6-11dc-be42-000e0c431b58 указано пустое значения для свойства bbea9c1a-3a4b-11e3-88c8-005056be1f7a
#041: Для товара fea6c171-5ab6-11dc-be42-000e0c431b58 указано пустое значения для свойства bbea9c1a-3a4b-11e3-88c8-005056be1f7a
#042: Для товара fea6c17f-5ab6-11dc-be42-000e0c431b58 указано пустое значения для свойства bbea9c1a-3a4b-11e3-88c8-005056be1f7a
#043: Для товара fea6c17f-5ab6-11dc-be42-000e0c431b58 указано пустое значения для свойства bbea9c1a-3a4b-11e3-88c8-005056be1f7a
#044: Для товара fea6c169-5ab6-11dc-be42-000e0c431b58 указано пустое значения для свойства bbea9c1a-3a4b-11e3-88c8-005056be1f7a
#045: Для товара fea6c169-5ab6-11dc-be42-000e0c431b58 указано пустое значения для свойства bbea9c1a-3a4b-11e3-88c8-005056be1f7a
#046: Для товара fea6c16b-5ab6-11dc-be42-000e0c431b58 указано пустое значения для свойства bbea9c1a-3a4b-11e3-88c8-005056be1f7a
#047: Для товара fea6c16b-5ab6-11dc-be42-000e0c431b58 указано пустое значения для свойства bbea9c1a-3a4b-11e3-88c8-005056be1f7a
#048: Для товара fea6c165-5ab6-11dc-be42-000e0c431b58 указано пустое значения для свойства bbea9c1a-3a4b-11e3-88c8-005056be1f7a
#049: Для товара fea6c165-5ab6-11dc-be42-000e0c431b58 указано пустое значения для свойства bbea9c1a-3a4b-11e3-88c8-005056be1f7a
#050: Для товара fea6c189-5ab6-11dc-be42-000e0c431b58 указано пустое значения для свойства bbea9c1a-3a4b-11e3-88c8-005056be1f7a
#051: Для товара fea6c189-5ab6-11dc-be42-000e0c431b58 указано пустое значения для свойства bbea9c1a-3a4b-11e3-88c8-005056be1f7a
#052: Для товара 9291c63c-5ab3-11dc-be42-000e0c431b58 указано пустое значения для свойства bbea9c1a-3a4b-11e3-88c8-005056be1f7a
#053: Для товара 9291c63c-5ab3-11dc-be42-000e0c431b58 указано пустое значения для свойства bbea9c1a-3a4b-11e3-88c8-005056be1f7a
#054: Для товара fea6c191-5ab6-11dc-be42-000e0c431b58 указано пустое значения для свойства bbea9c1a-3a4b-11e3-88c8-005056be1f7a
#055: Для товара fea6c191-5ab6-11dc-be42-000e0c431b58 указано пустое значения для свойства bbea9c1a-3a4b-11e3-88c8-005056be1f7a
#056: Для товара 076d213b-4380-11de-8f53-000e0c431b58 указано пустое значения для свойства bbea9c1a-3a4b-11e3-88c8-005056be1f7a
#057: Для товара 076d213b-4380-11de-8f53-000e0c431b58 указано пустое значения для свойства bbea9c1a-3a4b-11e3-88c8-005056be1f7a
#058: Для товара da49edc1-58f9-11e0-894e-000e0c431b58 указано пустое значения для свойства bbea9c1a-3a4b-11e3-88c8-005056be1f7a
#059: Для товара da49edc1-58f9-11e0-894e-000e0c431b58 указано пустое значения для свойства bbea9c1a-3a4b-11e3-88c8-005056be1f7a
#060: Для товара 076d213d-4380-11de-8f53-000e0c431b58 указано пустое значения для свойства bbea9c1a-3a4b-11e3-88c8-005056be1f7a
#061: Для товара 076d213d-4380-11de-8f53-000e0c431b58 указано пустое значения для свойства bbea9c1a-3a4b-11e3-88c8-005056be1f7a
#062: Для товара df210450-93af-11e3-82a4-005056be1f7b указано пустое значения для свойства bbea9c1a-3a4b-11e3-88c8-005056be1f7a
#063: Для товара df210450-93af-11e3-82a4-005056be1f7b указано пустое значения для свойства bbea9c1a-3a4b-11e3-88c8-005056be1f7a
#064: Для товара f0ad1dd1-1f91-11e4-9591-005056be1f7b указано пустое значения для свойства bbea9c1a-3a4b-11e3-88c8-005056be1f7a
#065: Для товара f0ad1dd1-1f91-11e4-9591-005056be1f7b указано пустое значения для свойства bbea9c1a-3a4b-11e3-88c8-005056be1f7a
#066: Для товара e8976171-93af-11e3-82a4-005056be1f7b указано пустое значения для свойства bbea9c1a-3a4b-11e3-88c8-005056be1f7a
#067: Для товара e8976171-93af-11e3-82a4-005056be1f7b указано пустое значения для свойства bbea9c1a-3a4b-11e3-88c8-005056be1f7a
#068: Для товара 076d214b-4380-11de-8f53-000e0c431b58 указано пустое значения для свойства bbea9c1a-3a4b-11e3-88c8-005056be1f7a
#069: Для товара 076d214b-4380-11de-8f53-000e0c431b58 указано пустое значения для свойства bbea9c1a-3a4b-11e3-88c8-005056be1f7a
#070: Для товара da49edc3-58f9-11e0-894e-000e0c431b58 указано пустое значения для свойства bbea9c1a-3a4b-11e3-88c8-005056be1f7a
#071: Для товара da49edc3-58f9-11e0-894e-000e0c431b58 указано пустое значения для свойства bbea9c1a-3a4b-11e3-88c8-005056be1f7a
#072: Для товара 076d214d-4380-11de-8f53-000e0c431b58 указано пустое значения для свойства bbea9c1a-3a4b-11e3-88c8-005056be1f7a
#073: Для товара 076d214d-4380-11de-8f53-000e0c431b58 указано пустое значения для свойства bbea9c1a-3a4b-11e3-88c8-005056be1f7a
#074: Для товара 076d213f-4380-11de-8f53-000e0c431b58 указано пустое значения для свойства bbea9c1a-3a4b-11e3-88c8-005056be1f7a
#075: Для товара 076d213f-4380-11de-8f53-000e0c431b58 указано пустое значения для свойства bbea9c1a-3a4b-11e3-88c8-005056be1f7a
#076: Для товара da49edc5-58f9-11e0-894e-000e0c431b58 указано пустое значения для свойства bbea9c1a-3a4b-11e3-88c8-005056be1f7a
#077: Для товара da49edc5-58f9-11e0-894e-000e0c431b58 указано пустое значения для свойства bbea9c1a-3a4b-11e3-88c8-005056be1f7a
#078: Для товара 076d2141-4380-11de-8f53-000e0c431b58 указано пустое значения для свойства bbea9c1a-3a4b-11e3-88c8-005056be1f7a
#079: Для товара 076d2141-4380-11de-8f53-000e0c431b58 указано пустое значения для свойства bbea9c1a-3a4b-11e3-88c8-005056be1f7a
#080: Для товара 076d2143-4380-11de-8f53-000e0c431b58 указано пустое значения для свойства bbea9c1a-3a4b-11e3-88c8-005056be1f7a
#081: Для товара 076d2143-4380-11de-8f53-000e0c431b58 указано пустое значения для свойства bbea9c1a-3a4b-11e3-88c8-005056be1f7a
#082: Для товара da49edc7-58f9-11e0-894e-000e0c431b58 указано пустое значения для свойства bbea9c1a-3a4b-11e3-88c8-005056be1f7a
#083: Для товара da49edc7-58f9-11e0-894e-000e0c431b58 указано пустое значения для свойства bbea9c1a-3a4b-11e3-88c8-005056be1f7a
#084: Для товара 076d2145-4380-11de-8f53-000e0c431b58 указано пустое значения для свойства bbea9c1a-3a4b-11e3-88c8-005056be1f7a
#085: Для товара 076d2145-4380-11de-8f53-000e0c431b58 указано пустое значения для свойства bbea9c1a-3a4b-11e3-88c8-005056be1f7a
#086: Для товара fbb89466-93af-11e3-82a4-005056be1f7b указано пустое значения для свойства bbea9c1a-3a4b-11e3-88c8-005056be1f7a
#087: Для товара fbb89466-93af-11e3-82a4-005056be1f7b указано пустое значения для свойства bbea9c1a-3a4b-11e3-88c8-005056be1f7a
#088: Для товара 04834f06-93b0-11e3-82a4-005056be1f7b указано пустое значения для свойства bbea9c1a-3a4b-11e3-88c8-005056be1f7a
#089: Для товара 04834f06-93b0-11e3-82a4-005056be1f7b указано пустое значения для свойства bbea9c1a-3a4b-11e3-88c8-005056be1f7a
#090: Для товара 076d2147-4380-11de-8f53-000e0c431b58 указано пустое значения для свойства bbea9c1a-3a4b-11e3-88c8-005056be1f7a
#091: Для товара 076d2147-4380-11de-8f53-000e0c431b58 указано пустое значения для свойства bbea9c1a-3a4b-11e3-88c8-005056be1f7a
#092: Для товара da49edc9-58f9-11e0-894e-000e0c431b58 указано пустое значения для свойства bbea9c1a-3a4b-11e3-88c8-005056be1f7a
#093: Для товара da49edc9-58f9-11e0-894e-000e0c431b58 указано пустое значения для свойства bbea9c1a-3a4b-11e3-88c8-005056be1f7a
#094: Для товара 076d2149-4380-11de-8f53-000e0c431b58 указано пустое значения для свойства bbea9c1a-3a4b-11e3-88c8-005056be1f7a
#095: Для товара 076d2149-4380-11de-8f53-000e0c431b58 указано пустое значения для свойства bbea9c1a-3a4b-11e3-88c8-005056be1f7a
#096: Для товара 1bd57597-93b0-11e3-82a4-005056be1f7b указано пустое значения для свойства bbea9c1a-3a4b-11e3-88c8-005056be1f7a
#097: Для товара 1bd57597-93b0-11e3-82a4-005056be1f7b указано пустое значения для свойства bbea9c1a-3a4b-11e3-88c8-005056be1f7a
#098: Для товара 13ce3df2-93b0-11e3-82a4-005056be1f7b указано пустое значения для свойства bbea9c1a-3a4b-11e3-88c8-005056be1f7a
#099: Для товара 13ce3df2-93b0-11e3-82a4-005056be1f7b указано пустое значения для свойства bbea9c1a-3a4b-11e3-88c8-005056be1f7a
#100: Для товара 076d2137-4380-11de-8f53-000e0c431b58 указано пустое значения для свойства bbea9c1a-3a4b-11e3-88c8-005056be1f7a
#101: Для товара 076d2137-4380-11de-8f53-000e0c431b58 указано пустое значения для свойства bbea9c1a-3a4b-11e3-88c8-005056be1f7a
#102: Для товара da49edcb-58f9-11e0-894e-000e0c431b58 указано пустое значения для свойства bbea9c1a-3a4b-11e3-88c8-005056be1f7a
#103: Для товара da49edcb-58f9-11e0-894e-000e0c431b58 указано пустое значения для свойства bbea9c1a-3a4b-11e3-88c8-005056be1f7a
#104: Для товара 076d2139-4380-11de-8f53-000e0c431b58 указано пустое значения для свойства bbea9c1a-3a4b-11e3-88c8-005056be1f7a
#105: Для товара 076d2139-4380-11de-8f53-000e0c431b58 указано пустое значения для свойства bbea9c1a-3a4b-11e3-88c8-005056be1f7a
#106: Для товара b182dc51-f994-11e2-98ef-005056be3574 указано пустое значения для свойства bbea9c1a-3a4b-11e3-88c8-005056be1f7a
#107: Для товара b182dc51-f994-11e2-98ef-005056be3574 указано пустое значения для свойства bbea9c1a-3a4b-11e3-88c8-005056be1f7a
#108: Для товара c4df9e0d-00c0-11e2-a554-005056be3bd8 указано пустое значения для свойства bbea9c1a-3a4b-11e3-88c8-005056be1f7a
#109: Для товара c4df9e0d-00c0-11e2-a554-005056be3bd8 указано пустое значения для свойства bbea9c1a-3a4b-11e3-88c8-005056be1f7a
#110: Для товара c4df9e0f-00c0-11e2-a554-005056be3bd8 указано пустое значения для свойства bbea9c1a-3a4b-11e3-88c8-005056be1f7a
#111: Для товара c4df9e0f-00c0-11e2-a554-005056be3bd8 указано пустое значения для свойства bbea9c1a-3a4b-11e3-88c8-005056be1f7a
#112: Для товара c4df9e13-00c0-11e2-a554-005056be3bd8 указано пустое значения для свойства bbea9c1a-3a4b-11e3-88c8-005056be1f7a
#113: Для товара c4df9e13-00c0-11e2-a554-005056be3bd8 указано пустое значения для свойства bbea9c1a-3a4b-11e3-88c8-005056be1f7a
#114: Для товара c4df9e11-00c0-11e2-a554-005056be3bd8 указано пустое значения для свойства bbea9c1a-3a4b-11e3-88c8-005056be1f7a
#115: Для товара c4df9e11-00c0-11e2-a554-005056be3bd8 указано пустое значения для свойства bbea9c1a-3a4b-11e3-88c8-005056be1f7a
#116: Для товара 82ebcce8-bce7-11e4-a1f3-005056be1f7b указано пустое значения для свойства bbea9c1a-3a4b-11e3-88c8-005056be1f7a
#117: Для товара 82ebcce8-bce7-11e4-a1f3-005056be1f7b указано пустое значения для свойства bbea9c1a-3a4b-11e3-88c8-005056be1f7a
#118: Для товара 3479e733-bce7-11e4-a1f3-005056be1f7b указано пустое значения для свойства bbea9c1a-3a4b-11e3-88c8-005056be1f7a
#119: Для товара 3479e733-bce7-11e4-a1f3-005056be1f7b указано пустое значения для свойства bbea9c1a-3a4b-11e3-88c8-005056be1f7a
#120: Для товара b182dc4f-f994-11e2-98ef-005056be3574 указано пустое значения для свойства bbea9c1a-3a4b-11e3-88c8-005056be1f7a
#121: Для товара b182dc4f-f994-11e2-98ef-005056be3574 указано пустое значения для свойства bbea9c1a-3a4b-11e3-88c8-005056be1f7a
#122: Для товара a6f80c96-516a-11dd-a89a-000e0c431b58 указано пустое значения для свойства e765ba72-107d-11e3-8a5d-0050569a1080
#123: Для товара a6f80c96-516a-11dd-a89a-000e0c431b58 указано пустое значения для свойства 618eeb90-3bc1-11e3-80e1-005056be1f7a
#124: Для товара a6f80c96-516a-11dd-a89a-000e0c431b58 указано пустое значения для свойства bbea9c1a-3a4b-11e3-88c8-005056be1f7a
#125: Для товара a6f80c98-516a-11dd-a89a-000e0c431b58 указано пустое значения для свойства e765ba72-107d-11e3-8a5d-0050569a1080
#126: Для товара a6f80c98-516a-11dd-a89a-000e0c431b58 указано пустое значения для свойства 618eeb90-3bc1-11e3-80e1-005056be1f7a
#127: Для товара a6f80c98-516a-11dd-a89a-000e0c431b58 указано пустое значения для свойства bbea9c1a-3a4b-11e3-88c8-005056be1f7a
#128: Для товара 56a6f723-ea03-11de-860d-000e0c431b58 указано пустое значения для свойства e765ba72-107d-11e3-8a5d-0050569a1080
#129: Для товара 56a6f723-ea03-11de-860d-000e0c431b58 указано пустое значения для свойства 618eeb90-3bc1-11e3-80e1-005056be1f7a
#130: Для товара 56a6f723-ea03-11de-860d-000e0c431b58 указано пустое значения для свойства bbea9c1a-3a4b-11e3-88c8-005056be1f7a
#131: Для товара a6f80c9c-516a-11dd-a89a-000e0c431b58 указано пустое значения для свойства e765ba72-107d-11e3-8a5d-0050569a1080
#132: Для товара a6f80c9c-516a-11dd-a89a-000e0c431b58 указано пустое значения для свойства 618eeb90-3bc1-11e3-80e1-005056be1f7a
#133: Для товара a6f80c9c-516a-11dd-a89a-000e0c431b58 указано пустое значения для свойства bbea9c1a-3a4b-11e3-88c8-005056be1f7a
#134: Для товара a6f80c9e-516a-11dd-a89a-000e0c431b58 указано пустое значения для свойства e765ba72-107d-11e3-8a5d-0050569a1080
#135: Для товара a6f80c9e-516a-11dd-a89a-000e0c431b58 указано пустое значения для свойства 618eeb90-3bc1-11e3-80e1-005056be1f7a
#136: Для товара a6f80c9e-516a-11dd-a89a-000e0c431b58 указано пустое значения для свойства bbea9c1a-3a4b-11e3-88c8-005056be1f7a
#137: Для товара 992163db-a731-11de-90d4-000e0c431b58 указано пустое значения для свойства e765ba72-107d-11e3-8a5d-0050569a1080
#138: Для товара 992163db-a731-11de-90d4-000e0c431b58 указано пустое значения для свойства 618eeb90-3bc1-11e3-80e1-005056be1f7a
#139: Для товара 992163db-a731-11de-90d4-000e0c431b58 указано пустое значения для свойства bbea9c1a-3a4b-11e3-88c8-005056be1f7a
#140: Для товара a6f80ca2-516a-11dd-a89a-000e0c431b58 указано пустое значения для свойства e765ba72-107d-11e3-8a5d-0050569a1080
#141: Для товара a6f80ca2-516a-11dd-a89a-000e0c431b58 указано пустое значения для свойства 618eeb90-3bc1-11e3-80e1-005056be1f7a
#142: Для товара a6f80ca4-516a-11dd-a89a-000e0c431b58 указано пустое значения для свойства e765ba72-107d-11e3-8a5d-0050569a1080
#143: Для товара a6f80ca4-516a-11dd-a89a-000e0c431b58 указано пустое значения для свойства 618eeb90-3bc1-11e3-80e1-005056be1f7a
#144: Для товара 129c7f4d-5273-11de-8f53-000e0c431b58 указано пустое значения для свойства e765ba72-107d-11e3-8a5d-0050569a1080
#145: Для товара 129c7f4d-5273-11de-8f53-000e0c431b58 указано пустое значения для свойства 618eeb90-3bc1-11e3-80e1-005056be1f7a
#146: Для товара 047805a5-fe8c-11e3-bbdb-005056be1f7b указано пустое значения для свойства 618eeb90-3bc1-11e3-80e1-005056be1f7a
#147: Для товара 7a3c5db3-777c-11de-9531-000e0c431b58 указано пустое значения для свойства 618eeb90-3bc1-11e3-80e1-005056be1f7a
#148: Для товара 7a3c5db1-777c-11de-9531-000e0c431b58 указано пустое значения для свойства 618eeb90-3bc1-11e3-80e1-005056be1f7a
#149: Для товара e242e97f-f29b-11dd-9439-000e0c431b58 указано пустое значения для свойства 27c97b3a-3bc1-11e3-80e1-005056be1f7a
#150: Для товара e242e97f-f29b-11dd-9439-000e0c431b58 указано пустое значения для свойства bbea9c1a-3a4b-11e3-88c8-005056be1f7a
#151: Для товара a6f80ca8-516a-11dd-a89a-000e0c431b58 указано пустое значения для свойства 27c97b3a-3bc1-11e3-80e1-005056be1f7a
#152: Для товара a6f80ca8-516a-11dd-a89a-000e0c431b58 указано пустое значения для свойства bbea9c1a-3a4b-11e3-88c8-005056be1f7a
#153: Для товара 56f519d0-4f2c-11de-8f53-000e0c431b58 указано пустое значения для свойства 27c97b3a-3bc1-11e3-80e1-005056be1f7a
#154: Для товара 56f519d0-4f2c-11de-8f53-000e0c431b58 указано пустое значения для свойства bbea9c1a-3a4b-11e3-88c8-005056be1f7a
#155: Для товара 7a3c5db7-777c-11de-9531-000e0c431b58 указано пустое значения для свойства 27c97b3a-3bc1-11e3-80e1-005056be1f7a
#156: Для товара 7a3c5db7-777c-11de-9531-000e0c431b58 указано пустое значения для свойства bbea9c1a-3a4b-11e3-88c8-005056be1f7a
#157: Для товара 7a3c5db5-777c-11de-9531-000e0c431b58 указано пустое значения для свойства 27c97b3a-3bc1-11e3-80e1-005056be1f7a
#158: Для товара 7a3c5db5-777c-11de-9531-000e0c431b58 указано пустое значения для свойства bbea9c1a-3a4b-11e3-88c8-005056be1f7a
#159: Для товара a6f80cac-516a-11dd-a89a-000e0c431b58 указано пустое значения для свойства e765ba72-107d-11e3-8a5d-0050569a1080
#160: Для товара a6f80cac-516a-11dd-a89a-000e0c431b58 указано пустое значения для свойства 618eeb90-3bc1-11e3-80e1-005056be1f7a
#161: Для товара a6f80cac-516a-11dd-a89a-000e0c431b58 указано пустое значения для свойства bbea9c1a-3a4b-11e3-88c8-005056be1f7a
#162: Для товара a6f80cac-516a-11dd-a89a-000e0c431b58 указано пустое значения для свойства bbea9c1a-3a4b-11e3-88c8-005056be1f7a
#163: Для товара a6f80cae-516a-11dd-a89a-000e0c431b58 указано пустое значения для свойства e765ba72-107d-11e3-8a5d-0050569a1080
#164: Для товара a6f80cae-516a-11dd-a89a-000e0c431b58 указано пустое значения для свойства 618eeb90-3bc1-11e3-80e1-005056be1f7a
#165: Для товара a6f80cae-516a-11dd-a89a-000e0c431b58 указано пустое значения для свойства bbea9c1a-3a4b-11e3-88c8-005056be1f7a
#166: Для товара a6f80cae-516a-11dd-a89a-000e0c431b58 указано пустое значения для свойства bbea9c1a-3a4b-11e3-88c8-005056be1f7a
#167: Для товара 992163dd-a731-11de-90d4-000e0c431b58 указано пустое значения для свойства 618eeb90-3bc1-11e3-80e1-005056be1f7a
#168: Для товара 992163dd-a731-11de-90d4-000e0c431b58 указано пустое значения для свойства bbea9c1a-3a4b-11e3-88c8-005056be1f7a
#169: Для товара 992163dd-a731-11de-90d4-000e0c431b58 указано пустое значения для свойства bbea9c1a-3a4b-11e3-88c8-005056be1f7a
#170: Для товара e4020814-4598-11e1-8212-001cc494be80 указано пустое значения для свойства 618eeb90-3bc1-11e3-80e1-005056be1f7a
#171: Для товара e4020814-4598-11e1-8212-001cc494be80 указано пустое значения для свойства bbea9c1a-3a4b-11e3-88c8-005056be1f7a
#172: Для товара e4020814-4598-11e1-8212-001cc494be80 указано пустое значения для свойства bbea9c1a-3a4b-11e3-88c8-005056be1f7a
#173: Для товара b7e2864b-21de-11df-860d-000e0c431b58 указано пустое значения для свойства bbea9c1a-3a4b-11e3-88c8-005056be1f7a
#174: Для товара b7e2864b-21de-11df-860d-000e0c431b58 указано пустое значения для свойства bbea9c1a-3a4b-11e3-88c8-005056be1f7a
#175: Для товара b7e2864b-21de-11df-860d-000e0c431b58 указано пустое значения для свойства d17cb785-d20b-11e4-9be0-005056be1f7c
#176: Для товара b7e28649-21de-11df-860d-000e0c431b58 указано пустое значения для свойства bbea9c1a-3a4b-11e3-88c8-005056be1f7a
#177: Для товара b7e28649-21de-11df-860d-000e0c431b58 указано пустое значения для свойства bbea9c1a-3a4b-11e3-88c8-005056be1f7a
#178: Для товара b7e28649-21de-11df-860d-000e0c431b58 указано пустое значения для свойства 42d0b52f-970f-11e4-9be0-005056be1f7c
#179: Для товара b7e28649-21de-11df-860d-000e0c431b58 указано пустое значения для свойства d17cb785-d20b-11e4-9be0-005056be1f7c
#180: Для товара 963b6b0a-04a8-11e3-94de-005056be3574 указано пустое значения для свойства bbea9c1a-3a4b-11e3-88c8-005056be1f7a
#181: Для товара 963b6b0a-04a8-11e3-94de-005056be3574 указано пустое значения для свойства bbea9c1a-3a4b-11e3-88c8-005056be1f7a
#182: Для товара 963b6b0a-04a8-11e3-94de-005056be3574 указано пустое значения для свойства d17cb785-d20b-11e4-9be0-005056be1f7c
#183: Для товара f5f1fcd6-d1c2-11e3-8b7a-005056be1f7b указано пустое значения для свойства bbea9c1a-3a4b-11e3-88c8-005056be1f7a
#184: Для товара f5f1fcd6-d1c2-11e3-8b7a-005056be1f7b указано пустое значения для свойства bbea9c1a-3a4b-11e3-88c8-005056be1f7a
#185: Для товара f5f1fcd6-d1c2-11e3-8b7a-005056be1f7b указано пустое значения для свойства d17cb785-d20b-11e4-9be0-005056be1f7c
#186: Для товара 0916172c-947c-11e3-8d88-005056be1f7b указано пустое значения для свойства bbea9c1a-3a4b-11e3-88c8-005056be1f7a
#187: Для товара 0916172c-947c-11e3-8d88-005056be1f7b указано пустое значения для свойства bbea9c1a-3a4b-11e3-88c8-005056be1f7a
#188: Для товара 0916172c-947c-11e3-8d88-005056be1f7b указано пустое значения для свойства d17cb785-d20b-11e4-9be0-005056be1f7c
#189: Для товара fded4984-d1c2-11e3-8b7a-005056be1f7b указано пустое значения для свойства bbea9c1a-3a4b-11e3-88c8-005056be1f7a
#190: Для товара fded4984-d1c2-11e3-8b7a-005056be1f7b указано пустое значения для свойства bbea9c1a-3a4b-11e3-88c8-005056be1f7a
#191: Для товара fded4984-d1c2-11e3-8b7a-005056be1f7b указано пустое значения для свойства d17cb785-d20b-11e4-9be0-005056be1f7c
#192: Для товара d5823752-947b-11e3-8d88-005056be1f7b указано пустое значения для свойства bbea9c1a-3a4b-11e3-88c8-005056be1f7a
#193: Для товара d5823752-947b-11e3-8d88-005056be1f7b указано пустое значения для свойства bbea9c1a-3a4b-11e3-88c8-005056be1f7a
#194: Для товара d5823752-947b-11e3-8d88-005056be1f7b указано пустое значения для свойства 1ea6fcc4-d206-11e4-9be0-005056be1f7c
#195: Для товара d5823752-947b-11e3-8d88-005056be1f7b указано пустое значения для свойства d17cb785-d20b-11e4-9be0-005056be1f7c

errors: (0) & warnings: (196)
